0 info it worked if it ends with ok
1 verbose cli [ 'E:\\NodeJs\\node.exe',
1 verbose cli   'E:\\NodeJs\\node_modules\\npm\\bin\\npm-cli.js',
1 verbose cli   'start' ]
2 info using npm@4.1.2
3 info using node@v7.7.4
4 verbose run-script [ 'prestart', 'start', 'poststart' ]
5 info lifecycle hellorn@1.0.0~prestart: hellorn@1.0.0
6 silly lifecycle hellorn@1.0.0~prestart: no script for prestart, continuing
7 info lifecycle hellorn@1.0.0~start: hellorn@1.0.0
8 verbose lifecycle hellorn@1.0.0~start: unsafe-perm in lifecycle true
9 verbose lifecycle hellorn@1.0.0~start: PATH: E:\NodeJs\node_modules\npm\bin\node-gyp-bin;F:\RNProject\HelloRN\node_modules\.bin;C:\ProgramData\Oracle\Java\javapath;C:\WINDOWS\system32;C:\WINDOWS;C:\WINDOWS\System32\Wbem;C:\WINDOWS\System32\WindowsPowerShell\v1.0\;%ANDROID_SDK_HOME%\tools;C:\Program Files\Microsoft SQL Server\110\Tools\Binn\;E:\NodeJs\;C:\Program Files\Microsoft SQL Server\130\Tools\Binn\;C:\Program Files\Microsoft SQL Server\120\Tools\Binn\;C:\Users\laer\AppData\Local\Android\Sdk\platform-tools;C:\Users\laer\AppData\Local\Android\Sdk\tools;C:\curl.exe;C:\Users\laer\AppData\Local\Microsoft\WindowsApps;C:\Users\laer\AppData\Roaming\npm;
10 verbose lifecycle hellorn@1.0.0~start: CWD: F:\RNProject\HelloRN
11 silly lifecycle hellorn@1.0.0~start: Args: [ '/d /s /c',
11 silly lifecycle   'node node_modules/react-native/local-cli/cli.js start' ]
12 silly lifecycle hellorn@1.0.0~start: Returned: code: 11  signal: null
13 info lifecycle hellorn@1.0.0~start: Failed to exec start script
14 verbose stack Error: hellorn@1.0.0 start: `node node_modules/react-native/local-cli/cli.js start`
14 verbose stack Exit status 11
14 verbose stack     at EventEmitter.<anonymous> (E:\NodeJs\node_modules\npm\lib\utils\lifecycle.js:279:16)
14 verbose stack     at emitTwo (events.js:106:13)
14 verbose stack     at EventEmitter.emit (events.js:194:7)
14 verbose stack     at ChildProcess.<anonymous> (E:\NodeJs\node_modules\npm\lib\utils\spawn.js:40:14)
14 verbose stack     at emitTwo (events.js:106:13)
14 verbose stack     at ChildProcess.emit (events.js:194:7)
14 verbose stack     at maybeClose (internal/child_process.js:899:16)
14 verbose stack     at Process.ChildProcess._handle.onexit (internal/child_process.js:226:5)
15 verbose pkgid hellorn@1.0.0
16 verbose cwd F:\RNProject\HelloRN
17 error Windows_NT 10.0.16299
18 error argv "E:\\NodeJs\\node.exe" "E:\\NodeJs\\node_modules\\npm\\bin\\npm-cli.js" "start"
19 error node v7.7.4
20 error npm  v4.1.2
21 error code ELIFECYCLE
22 error hellorn@1.0.0 start: `node node_modules/react-native/local-cli/cli.js start`
22 error Exit status 11
23 error Failed at the hellorn@1.0.0 start script 'node node_modules/react-native/local-cli/cli.js start'.
23 error Make sure you have the latest version of node.js and npm installed.
23 error If you do, this is most likely a problem with the hellorn package,
23 error not with npm itself.
23 error Tell the author that this fails on your system:
23 error     node node_modules/react-native/local-cli/cli.js start
23 error You can get information on how to open an issue for this project with:
23 error     npm bugs hellorn
23 error Or if that isn't available, you can get their info via:
23 error     npm owner ls hellorn
23 error There is likely additional logging output above.
24 verbose exit [ 1, true ]
